{"C:\\Users\\Jay\\Dev\\Full_Stack_Open\\part2\\notes\\src\\App.jsx": {"path":"C:\\Users\\Jay\\Dev\\Full_Stack_Open\\part2\\notes\\src\\App.jsx","statementMap":{"0":{"start":{"line":10,"column":15},"end":{"line":25,"column":1}},"1":{"start":{"line":11,"column":21},"end":{"line":15,"column":2}},"2":{"start":{"line":16,"column":1},"end":{"line":24,"column":3}},"3":{"start":{"line":27,"column":12},"end":{"line":142,"column":1}},"4":{"start":{"line":28,"column":27},"end":{"line":28,"column":39}},"5":{"start":{"line":29,"column":31},"end":{"line":29,"column":45}},"6":{"start":{"line":30,"column":41},"end":{"line":30,"column":53}},"7":{"start":{"line":31,"column":25},"end":{"line":31,"column":39}},"8":{"start":{"line":32,"column":21},"end":{"line":32,"column":29}},"9":{"start":{"line":34,"column":21},"end":{"line":49,"column":2}},"10":{"start":{"line":35,"column":2},"end":{"line":48,"column":3}},"11":{"start":{"line":36,"column":16},"end":{"line":36,"column":53}},"12":{"start":{"line":37,"column":3},"end":{"line":40,"column":5}},"13":{"start":{"line":41,"column":3},"end":{"line":41,"column":36}},"14":{"start":{"line":42,"column":3},"end":{"line":42,"column":17}},"15":{"start":{"line":44,"column":3},"end":{"line":44,"column":40}},"16":{"start":{"line":45,"column":3},"end":{"line":47,"column":12}},"17":{"start":{"line":46,"column":4},"end":{"line":46,"column":26}},"18":{"start":{"line":51,"column":14},"end":{"line":55,"column":2}},"19":{"start":{"line":52,"column":2},"end":{"line":54,"column":5}},"20":{"start":{"line":53,"column":3},"end":{"line":53,"column":26}},"21":{"start":{"line":57,"column":1},"end":{"line":57,"column":21}},"22":{"start":{"line":59,"column":1},"end":{"line":66,"column":8}},"23":{"start":{"line":60,"column":25},"end":{"line":60,"column":73}},"24":{"start":{"line":61,"column":2},"end":{"line":65,"column":3}},"25":{"start":{"line":62,"column":16},"end":{"line":62,"column":42}},"26":{"start":{"line":63,"column":3},"end":{"line":63,"column":17}},"27":{"start":{"line":64,"column":3},"end":{"line":64,"column":36}},"28":{"start":{"line":68,"column":17},"end":{"line":79,"column":2}},"29":{"start":{"line":69,"column":2},"end":{"line":78,"column":3}},"30":{"start":{"line":70,"column":24},"end":{"line":70,"column":60}},"31":{"start":{"line":71,"column":3},"end":{"line":71,"column":40}},"32":{"start":{"line":72,"column":3},"end":{"line":72,"column":42}},"33":{"start":{"line":74,"column":3},"end":{"line":74,"column":41}},"34":{"start":{"line":75,"column":3},"end":{"line":77,"column":12}},"35":{"start":{"line":76,"column":4},"end":{"line":76,"column":26}},"36":{"start":{"line":81,"column":28},"end":{"line":101,"column":2}},"37":{"start":{"line":82,"column":15},"end":{"line":82,"column":45}},"38":{"start":{"line":82,"column":33},"end":{"line":82,"column":44}},"39":{"start":{"line":83,"column":22},"end":{"line":83,"column":61}},"40":{"start":{"line":85,"column":2},"end":{"line":100,"column":6}},"41":{"start":{"line":88,"column":4},"end":{"line":90,"column":6}},"42":{"start":{"line":89,"column":26},"end":{"line":89,"column":62}},"43":{"start":{"line":93,"column":4},"end":{"line":95,"column":6}},"44":{"start":{"line":96,"column":4},"end":{"line":98,"column":13}},"45":{"start":{"line":97,"column":5},"end":{"line":97,"column":27}},"46":{"start":{"line":99,"column":4},"end":{"line":99,"column":47}},"47":{"start":{"line":99,"column":33},"end":{"line":99,"column":44}},"48":{"start":{"line":103,"column":21},"end":{"line":105,"column":42}},"49":{"start":{"line":105,"column":27},"end":{"line":105,"column":41}},"50":{"start":{"line":107,"column":1},"end":{"line":141,"column":3}},"51":{"start":{"line":126,"column":27},"end":{"line":126,"column":47}},"52":{"start":{"line":132,"column":5},"end":{"line":136,"column":7}},"53":{"start":{"line":135,"column":30},"end":{"line":135,"column":57}}},"fnMap":{"0":{"name":"(anonymous_0)","decl":{"start":{"line":10,"column":15},"end":{"line":10,"column":16}},"loc":{"start":{"line":10,"column":21},"end":{"line":25,"column":1}},"line":10},"1":{"name":"(anonymous_1)","decl":{"start":{"line":27,"column":12},"end":{"line":27,"column":13}},"loc":{"start":{"line":27,"column":18},"end":{"line":142,"column":1}},"line":27},"2":{"name":"(anonymous_2)","decl":{"start":{"line":34,"column":21},"end":{"line":34,"column":22}},"loc":{"start":{"line":34,"column":44},"end":{"line":49,"column":2}},"line":34},"3":{"name":"(anonymous_3)","decl":{"start":{"line":45,"column":14},"end":{"line":45,"column":15}},"loc":{"start":{"line":45,"column":20},"end":{"line":47,"column":4}},"line":45},"4":{"name":"(anonymous_4)","decl":{"start":{"line":51,"column":14},"end":{"line":51,"column":15}},"loc":{"start":{"line":51,"column":20},"end":{"line":55,"column":2}},"line":51},"5":{"name":"(anonymous_5)","decl":{"start":{"line":52,"column":28},"end":{"line":52,"column":29}},"loc":{"start":{"line":52,"column":46},"end":{"line":54,"column":3}},"line":52},"6":{"name":"(anonymous_6)","decl":{"start":{"line":59,"column":11},"end":{"line":59,"column":12}},"loc":{"start":{"line":59,"column":17},"end":{"line":66,"column":2}},"line":59},"7":{"name":"(anonymous_7)","decl":{"start":{"line":68,"column":17},"end":{"line":68,"column":18}},"loc":{"start":{"line":68,"column":39},"end":{"line":79,"column":2}},"line":68},"8":{"name":"(anonymous_8)","decl":{"start":{"line":75,"column":14},"end":{"line":75,"column":15}},"loc":{"start":{"line":75,"column":20},"end":{"line":77,"column":4}},"line":75},"9":{"name":"(anonymous_9)","decl":{"start":{"line":81,"column":28},"end":{"line":81,"column":29}},"loc":{"start":{"line":81,"column":36},"end":{"line":101,"column":2}},"line":81},"10":{"name":"(anonymous_10)","decl":{"start":{"line":82,"column":26},"end":{"line":82,"column":27}},"loc":{"start":{"line":82,"column":33},"end":{"line":82,"column":44}},"line":82},"11":{"name":"(anonymous_11)","decl":{"start":{"line":87,"column":9},"end":{"line":87,"column":10}},"loc":{"start":{"line":87,"column":27},"end":{"line":91,"column":4}},"line":87},"12":{"name":"(anonymous_12)","decl":{"start":{"line":89,"column":15},"end":{"line":89,"column":16}},"loc":{"start":{"line":89,"column":26},"end":{"line":89,"column":62}},"line":89},"13":{"name":"(anonymous_13)","decl":{"start":{"line":92,"column":10},"end":{"line":92,"column":11}},"loc":{"start":{"line":92,"column":21},"end":{"line":100,"column":4}},"line":92},"14":{"name":"(anonymous_14)","decl":{"start":{"line":96,"column":15},"end":{"line":96,"column":16}},"loc":{"start":{"line":96,"column":21},"end":{"line":98,"column":5}},"line":96},"15":{"name":"(anonymous_15)","decl":{"start":{"line":99,"column":26},"end":{"line":99,"column":27}},"loc":{"start":{"line":99,"column":33},"end":{"line":99,"column":44}},"line":99},"16":{"name":"(anonymous_16)","decl":{"start":{"line":105,"column":17},"end":{"line":105,"column":18}},"loc":{"start":{"line":105,"column":27},"end":{"line":105,"column":41}},"line":105},"17":{"name":"(anonymous_17)","decl":{"start":{"line":126,"column":21},"end":{"line":126,"column":22}},"loc":{"start":{"line":126,"column":27},"end":{"line":126,"column":47}},"line":126},"18":{"name":"(anonymous_18)","decl":{"start":{"line":131,"column":21},"end":{"line":131,"column":22}},"loc":{"start":{"line":132,"column":5},"end":{"line":136,"column":7}},"line":132},"19":{"name":"(anonymous_19)","decl":{"start":{"line":135,"column":24},"end":{"line":135,"column":25}},"loc":{"start":{"line":135,"column":30},"end":{"line":135,"column":57}},"line":135}},"branchMap":{"0":{"loc":{"start":{"line":61,"column":2},"end":{"line":65,"column":3}},"type":"if","locations":[{"start":{"line":61,"column":2},"end":{"line":65,"column":3}},{"start":{},"end":{}}],"line":61},"1":{"loc":{"start":{"line":89,"column":26},"end":{"line":89,"column":62}},"type":"cond-expr","locations":[{"start":{"line":89,"column":43},"end":{"line":89,"column":47}},{"start":{"line":89,"column":50},"end":{"line":89,"column":62}}],"line":89},"2":{"loc":{"start":{"line":103,"column":21},"end":{"line":105,"column":42}},"type":"cond-expr","locations":[{"start":{"line":104,"column":4},"end":{"line":104,"column":9}},{"start":{"line":105,"column":4},"end":{"line":105,"column":42}}],"line":103},"3":{"loc":{"start":{"line":112,"column":4},"end":{"line":123,"column":4}},"type":"cond-expr","locations":[{"start":{"line":113,"column":4},"end":{"line":115,"column":16}},{"start":{"line":117,"column":4},"end":{"line":122,"column":10}}],"line":112},"4":{"loc":{"start":{"line":127,"column":11},"end":{"line":127,"column":40}},"type":"cond-expr","locations":[{"start":{"line":127,"column":21},"end":{"line":127,"column":32}},{"start":{"line":127,"column":35},"end":{"line":127,"column":40}}],"line":127}},"s":{"0":0,"1":0,"2":0,"3":0,"4":0,"5":0,"6":0,"7":0,"8":0,"9":0,"10":0,"11":0,"12":0,"13":0,"14":0,"15":0,"16":0,"17":0,"18":0,"19":0,"20":0,"21":0,"22":0,"23":0,"24":0,"25":0,"26":0,"27":0,"28":0,"29":0,"30":0,"31":0,"32":0,"33":0,"34":0,"35":0,"36":0,"37":0,"38":0,"39":0,"40":0,"41":0,"42":0,"43":0,"44":0,"45":0,"46":0,"47":0,"48":0,"49":0,"50":0,"51":0,"52":0,"53":0},"f":{"0":0,"1":0,"2":0,"3":0,"4":0,"5":0,"6":0,"7":0,"8":0,"9":0,"10":0,"11":0,"12":0,"13":0,"14":0,"15":0,"16":0,"17":0,"18":0,"19":0},"b":{"0":[0,0],"1":[0,0],"2":[0,0],"3":[0,0],"4":[0,0]}}
,"C:\\Users\\Jay\\Dev\\Full_Stack_Open\\part2\\notes\\src\\main.jsx": {"path":"C:\\Users\\Jay\\Dev\\Full_Stack_Open\\part2\\notes\\src\\main.jsx","statementMap":{"0":{"start":{"line":4,"column":0},"end":{"line":4,"column":69}}},"fnMap":{},"branchMap":{},"s":{"0":0},"f":{},"b":{}}
,"C:\\Users\\Jay\\Dev\\Full_Stack_Open\\part2\\notes\\src\\components\\LoginForm.jsx": {"path":"C:\\Users\\Jay\\Dev\\Full_Stack_Open\\part2\\notes\\src\\components\\LoginForm.jsx","statementMap":{"0":{"start":{"line":4,"column":18},"end":{"line":45,"column":1}},"1":{"start":{"line":5,"column":33},"end":{"line":5,"column":45}},"2":{"start":{"line":6,"column":33},"end":{"line":6,"column":45}},"3":{"start":{"line":8,"column":17},"end":{"line":16,"column":2}},"4":{"start":{"line":9,"column":2},"end":{"line":9,"column":25}},"5":{"start":{"line":10,"column":2},"end":{"line":13,"column":5}},"6":{"start":{"line":14,"column":2},"end":{"line":14,"column":18}},"7":{"start":{"line":15,"column":2},"end":{"line":15,"column":18}},"8":{"start":{"line":18,"column":1},"end":{"line":44,"column":3}},"9":{"start":{"line":29,"column":27},"end":{"line":29,"column":58}},"10":{"start":{"line":38,"column":27},"end":{"line":38,"column":58}},"11":{"start":{"line":47,"column":0},"end":{"line":49,"column":2}}},"fnMap":{"0":{"name":"(anonymous_0)","decl":{"start":{"line":4,"column":18},"end":{"line":4,"column":19}},"loc":{"start":{"line":4,"column":33},"end":{"line":45,"column":1}},"line":4},"1":{"name":"(anonymous_1)","decl":{"start":{"line":8,"column":17},"end":{"line":8,"column":18}},"loc":{"start":{"line":8,"column":28},"end":{"line":16,"column":2}},"line":8},"2":{"name":"(anonymous_2)","decl":{"start":{"line":29,"column":16},"end":{"line":29,"column":17}},"loc":{"start":{"line":29,"column":27},"end":{"line":29,"column":58}},"line":29},"3":{"name":"(anonymous_3)","decl":{"start":{"line":38,"column":16},"end":{"line":38,"column":17}},"loc":{"start":{"line":38,"column":27},"end":{"line":38,"column":58}},"line":38}},"branchMap":{},"s":{"0":0,"1":0,"2":0,"3":0,"4":0,"5":0,"6":0,"7":0,"8":0,"9":0,"10":0,"11":0},"f":{"0":0,"1":0,"2":0,"3":0},"b":{}}
,"C:\\Users\\Jay\\Dev\\Full_Stack_Open\\part2\\notes\\src\\components\\Note.jsx": {"path":"C:\\Users\\Jay\\Dev\\Full_Stack_Open\\part2\\notes\\src\\components\\Note.jsx","statementMap":{"0":{"start":{"line":1,"column":13},"end":{"line":10,"column":1}},"1":{"start":{"line":2,"column":15},"end":{"line":2,"column":71}},"2":{"start":{"line":4,"column":1},"end":{"line":9,"column":3}}},"fnMap":{"0":{"name":"(anonymous_0)","decl":{"start":{"line":1,"column":13},"end":{"line":1,"column":14}},"loc":{"start":{"line":1,"column":45},"end":{"line":10,"column":1}},"line":1}},"branchMap":{"0":{"loc":{"start":{"line":2,"column":15},"end":{"line":2,"column":71}},"type":"cond-expr","locations":[{"start":{"line":2,"column":32},"end":{"line":2,"column":52}},{"start":{"line":2,"column":55},"end":{"line":2,"column":71}}],"line":2}},"s":{"0":1,"1":3,"2":3},"f":{"0":3},"b":{"0":[3,0]},"_coverageSchema":"1a1c01bbd47fc00a2c39e90264f33305004495a9","hash":"00b6a74f17a0c527dd5c578ce4916d7337f6076e"}
,"C:\\Users\\Jay\\Dev\\Full_Stack_Open\\part2\\notes\\src\\components\\NoteForm.jsx": {"path":"C:\\Users\\Jay\\Dev\\Full_Stack_Open\\part2\\notes\\src\\components\\NoteForm.jsx","statementMap":{"0":{"start":{"line":3,"column":17},"end":{"line":27,"column":1}},"1":{"start":{"line":4,"column":31},"end":{"line":4,"column":43}},"2":{"start":{"line":6,"column":17},"end":{"line":14,"column":2}},"3":{"start":{"line":7,"column":2},"end":{"line":7,"column":25}},"4":{"start":{"line":8,"column":2},"end":{"line":11,"column":5}},"5":{"start":{"line":13,"column":2},"end":{"line":13,"column":17}},"6":{"start":{"line":15,"column":1},"end":{"line":26,"column":3}},"7":{"start":{"line":21,"column":26},"end":{"line":21,"column":56}}},"fnMap":{"0":{"name":"(anonymous_0)","decl":{"start":{"line":3,"column":17},"end":{"line":3,"column":18}},"loc":{"start":{"line":3,"column":37},"end":{"line":27,"column":1}},"line":3},"1":{"name":"(anonymous_1)","decl":{"start":{"line":6,"column":17},"end":{"line":6,"column":18}},"loc":{"start":{"line":6,"column":28},"end":{"line":14,"column":2}},"line":6},"2":{"name":"(anonymous_2)","decl":{"start":{"line":21,"column":15},"end":{"line":21,"column":16}},"loc":{"start":{"line":21,"column":26},"end":{"line":21,"column":56}},"line":21}},"branchMap":{},"s":{"0":1,"1":19,"2":19,"3":1,"4":1,"5":1,"6":19,"7":17},"f":{"0":19,"1":1,"2":17},"b":{},"_coverageSchema":"1a1c01bbd47fc00a2c39e90264f33305004495a9","hash":"2a80213d48f0a388036007860fffaa235a7178c7"}
,"C:\\Users\\Jay\\Dev\\Full_Stack_Open\\part2\\notes\\src\\components\\Notification.jsx": {"path":"C:\\Users\\Jay\\Dev\\Full_Stack_Open\\part2\\notes\\src\\components\\Notification.jsx","statementMap":{"0":{"start":{"line":1,"column":21},"end":{"line":7,"column":1}},"1":{"start":{"line":2,"column":1},"end":{"line":4,"column":2}},"2":{"start":{"line":3,"column":2},"end":{"line":3,"column":14}},"3":{"start":{"line":6,"column":1},"end":{"line":6,"column":47}}},"fnMap":{"0":{"name":"(anonymous_0)","decl":{"start":{"line":1,"column":21},"end":{"line":1,"column":22}},"loc":{"start":{"line":1,"column":38},"end":{"line":7,"column":1}},"line":1}},"branchMap":{"0":{"loc":{"start":{"line":2,"column":1},"end":{"line":4,"column":2}},"type":"if","locations":[{"start":{"line":2,"column":1},"end":{"line":4,"column":2}},{"start":{},"end":{}}],"line":2}},"s":{"0":0,"1":0,"2":0,"3":0},"f":{"0":0},"b":{"0":[0,0]}}
,"C:\\Users\\Jay\\Dev\\Full_Stack_Open\\part2\\notes\\src\\components\\Togglable.jsx": {"path":"C:\\Users\\Jay\\Dev\\Full_Stack_Open\\part2\\notes\\src\\components\\Togglable.jsx","statementMap":{"0":{"start":{"line":4,"column":18},"end":{"line":31,"column":2}},"1":{"start":{"line":5,"column":31},"end":{"line":5,"column":46}},"2":{"start":{"line":7,"column":25},"end":{"line":7,"column":59}},"3":{"start":{"line":8,"column":25},"end":{"line":8,"column":59}},"4":{"start":{"line":10,"column":26},"end":{"line":12,"column":2}},"5":{"start":{"line":11,"column":2},"end":{"line":11,"column":23}},"6":{"start":{"line":14,"column":1},"end":{"line":18,"column":4}},"7":{"start":{"line":15,"column":2},"end":{"line":17,"column":4}},"8":{"start":{"line":20,"column":1},"end":{"line":30,"column":3}},"9":{"start":{"line":33,"column":0},"end":{"line":35,"column":2}},"10":{"start":{"line":37,"column":0},"end":{"line":37,"column":36}}},"fnMap":{"0":{"name":"(anonymous_0)","decl":{"start":{"line":4,"column":29},"end":{"line":4,"column":30}},"loc":{"start":{"line":4,"column":46},"end":{"line":31,"column":1}},"line":4},"1":{"name":"(anonymous_1)","decl":{"start":{"line":10,"column":26},"end":{"line":10,"column":27}},"loc":{"start":{"line":10,"column":32},"end":{"line":12,"column":2}},"line":10},"2":{"name":"(anonymous_2)","decl":{"start":{"line":14,"column":27},"end":{"line":14,"column":28}},"loc":{"start":{"line":14,"column":33},"end":{"line":18,"column":2}},"line":14}},"branchMap":{"0":{"loc":{"start":{"line":7,"column":36},"end":{"line":7,"column":57}},"type":"cond-expr","locations":[{"start":{"line":7,"column":46},"end":{"line":7,"column":52}},{"start":{"line":7,"column":55},"end":{"line":7,"column":57}}],"line":7},"1":{"loc":{"start":{"line":8,"column":36},"end":{"line":8,"column":57}},"type":"cond-expr","locations":[{"start":{"line":8,"column":46},"end":{"line":8,"column":48}},{"start":{"line":8,"column":51},"end":{"line":8,"column":57}}],"line":8}},"s":{"0":1,"1":7,"2":7,"3":7,"4":7,"5":3,"6":7,"7":0,"8":7,"9":1,"10":1},"f":{"0":7,"1":3,"2":0},"b":{"0":[2,5],"1":[2,5]},"_coverageSchema":"1a1c01bbd47fc00a2c39e90264f33305004495a9","hash":"75540c59833620434a70856ab3c9b76e3a29b4af"}
,"C:\\Users\\Jay\\Dev\\Full_Stack_Open\\part2\\notes\\src\\services\\login.js": {"path":"C:\\Users\\Jay\\Dev\\Full_Stack_Open\\part2\\notes\\src\\services\\login.js","statementMap":{"0":{"start":{"line":2,"column":16},"end":{"line":2,"column":28}},"1":{"start":{"line":4,"column":14},"end":{"line":7,"column":1}},"2":{"start":{"line":5,"column":18},"end":{"line":5,"column":56}},"3":{"start":{"line":6,"column":1},"end":{"line":6,"column":22}}},"fnMap":{"0":{"name":"(anonymous_0)","decl":{"start":{"line":4,"column":14},"end":{"line":4,"column":15}},"loc":{"start":{"line":4,"column":37},"end":{"line":7,"column":1}},"line":4}},"branchMap":{},"s":{"0":0,"1":0,"2":0,"3":0},"f":{"0":0},"b":{}}
,"C:\\Users\\Jay\\Dev\\Full_Stack_Open\\part2\\notes\\src\\services\\notes.js": {"path":"C:\\Users\\Jay\\Dev\\Full_Stack_Open\\part2\\notes\\src\\services\\notes.js","statementMap":{"0":{"start":{"line":2,"column":16},"end":{"line":2,"column":28}},"1":{"start":{"line":4,"column":12},"end":{"line":4,"column":16}},"2":{"start":{"line":6,"column":17},"end":{"line":8,"column":1}},"3":{"start":{"line":7,"column":1},"end":{"line":7,"column":30}},"4":{"start":{"line":10,"column":15},"end":{"line":13,"column":1}},"5":{"start":{"line":11,"column":18},"end":{"line":11,"column":42}},"6":{"start":{"line":12,"column":1},"end":{"line":12,"column":22}},"7":{"start":{"line":15,"column":15},"end":{"line":22,"column":1}},"8":{"start":{"line":16,"column":16},"end":{"line":18,"column":2}},"9":{"start":{"line":20,"column":18},"end":{"line":20,"column":62}},"10":{"start":{"line":21,"column":1},"end":{"line":21,"column":22}},"11":{"start":{"line":24,"column":15},"end":{"line":27,"column":1}},"12":{"start":{"line":25,"column":18},"end":{"line":25,"column":64}},"13":{"start":{"line":26,"column":1},"end":{"line":26,"column":22}}},"fnMap":{"0":{"name":"(anonymous_0)","decl":{"start":{"line":6,"column":17},"end":{"line":6,"column":18}},"loc":{"start":{"line":6,"column":31},"end":{"line":8,"column":1}},"line":6},"1":{"name":"(anonymous_1)","decl":{"start":{"line":10,"column":15},"end":{"line":10,"column":16}},"loc":{"start":{"line":10,"column":27},"end":{"line":13,"column":1}},"line":10},"2":{"name":"(anonymous_2)","decl":{"start":{"line":15,"column":15},"end":{"line":15,"column":16}},"loc":{"start":{"line":15,"column":36},"end":{"line":22,"column":1}},"line":15},"3":{"name":"(anonymous_3)","decl":{"start":{"line":24,"column":15},"end":{"line":24,"column":16}},"loc":{"start":{"line":24,"column":40},"end":{"line":27,"column":1}},"line":24}},"branchMap":{},"s":{"0":0,"1":0,"2":0,"3":0,"4":0,"5":0,"6":0,"7":0,"8":0,"9":0,"10":0,"11":0,"12":0,"13":0},"f":{"0":0,"1":0,"2":0,"3":0},"b":{}}
}
